============================= test session starts =============================
platform win32 -- Python 3.13.13, pytest-9.0.3, pluggy-1.6.0 -- C:\Users\Lucian\AppData\Local\Microsoft\WindowsApps\PythonSoftwareFoundation.Python.3.13_qbz5n2kfra8p0\python.exe
cachedir: .pytest_cache
rootdir: C:\Users\Lucian\Desktop\fragmergent-causal-exponentiation memory
configfile: pyproject.toml
testpaths: tests
plugins: cov-7.1.0
collecting ... collected 268 items

tests/async_coupling/test_async.py::test_delayed_consolidation_aggregates_inputs <- ..\unified-fragmergent-memory-engine\tests\async_coupling\test_async.py PASSED [  0%]
tests/async_coupling/test_async.py::test_delayed_propagation_pressure_not_lost <- ..\unified-fragmergent-memory-engine\tests\async_coupling\test_async.py PASSED [  0%]
tests/async_coupling/test_async.py::test_delayed_pressure_application_respects_delay <- ..\unified-fragmergent-memory-engine\tests\async_coupling\test_async.py PASSED [  1%]
tests/async_coupling/test_async.py::test_multiple_pending_pressures_distinct_slots <- ..\unified-fragmergent-memory-engine\tests\async_coupling\test_async.py PASSED [  1%]
tests/async_coupling/test_async.py::test_stale_pressure_expires_and_not_applied <- ..\unified-fragmergent-memory-engine\tests\async_coupling\test_async.py PASSED [  1%]
tests/async_coupling/test_async.py::test_async_branch_flip_or_marker_effect_observable <- ..\unified-fragmergent-memory-engine\tests\async_coupling\test_async.py PASSED [  2%]
tests/async_coupling/test_async.py::test_async_safety_metrics_all_zero <- ..\unified-fragmergent-memory-engine\tests\async_coupling\test_async.py PASSED [  2%]
tests/async_coupling/test_async.py::test_pending_pressure_records_delay_metadata <- ..\unified-fragmergent-memory-engine\tests\async_coupling\test_async.py PASSED [  2%]
tests/async_coupling/test_async.py::test_expired_pressure_records_expiry_metadata <- ..\unified-fragmergent-memory-engine\tests\async_coupling\test_async.py PASSED [  3%]
tests/async_coupling/test_async.py::test_sync_recovered_with_default_schedule <- ..\unified-fragmergent-memory-engine\tests\async_coupling\test_async.py PASSED [  3%]
tests/async_coupling/test_async.py::test_v032_auto_registration_demo_still_passes <- ..\unified-fragmergent-memory-engine\tests\async_coupling\test_async.py PASSED [  4%]
tests/async_coupling/test_async.py::test_async_does_not_mutate_source_files <- ..\unified-fragmergent-memory-engine\tests\async_coupling\test_async.py PASSED [  4%]
tests/async_coupling/test_async.py::test_async_schedule_validation_rejects_invalid <- ..\unified-fragmergent-memory-engine\tests\async_coupling\test_async.py PASSED [  4%]
tests/async_coupling/test_async.py::test_async_schedule_is_consolidate_episode <- ..\unified-fragmergent-memory-engine\tests\async_coupling\test_async.py PASSED [  5%]
tests/auto_registration/test_auto_registration.py::test_auto_registers_slot_after_first_valid_commit <- ..\unified-fragmergent-memory-engine\tests\auto_registration\test_auto_registration.py PASSED [  5%]
tests/auto_registration/test_auto_registration.py::test_auto_registered_label_round_trip <- ..\unified-fragmergent-memory-engine\tests\auto_registration\test_auto_registration.py PASSED [  5%]
tests/auto_registration/test_auto_registration.py::test_no_registration_on_parser_failure_or_uncertain <- ..\unified-fragmergent-memory-engine\tests\auto_registration\test_auto_registration.py PASSED [  6%]
tests/auto_registration/test_auto_registration.py::test_auto_registered_slot_receives_pressure_vector <- ..\unified-fragmergent-memory-engine\tests\auto_registration\test_auto_registration.py PASSED [  6%]
tests/auto_registration/test_auto_registration.py::test_auto_registered_pressure_returns_to_symbolic_slot <- ..\unified-fragmergent-memory-engine\tests\auto_registration\test_auto_registration.py PASSED [  7%]
tests/auto_registration/test_auto_registration.py::test_auto_registration_can_participate_in_branch_flip_or_marker_diff <- ..\unified-fragmergent-memory-engine\tests\auto_registration\test_auto_registration.py PASSED [  7%]
tests/auto_registration/test_auto_registration.py::test_safety_metrics_zero_under_auto_registration <- ..\unified-fragmergent-memory-engine\tests\auto_registration\test_auto_registration.py PASSED [  7%]
tests/auto_registration/test_auto_registration.py::test_auto_registration_does_not_mutate_source_files <- ..\unified-fragmergent-memory-engine\tests\auto_registration\test_auto_registration.py PASSED [  8%]
tests/auto_registration/test_auto_registration.py::test_auto_registration_provenance_chain_includes_auto_reg <- ..\unified-fragmergent-memory-engine\tests\auto_registration\test_auto_registration.py PASSED [  8%]
tests/auto_registration/test_auto_registration.py::test_auto_registration_persistence_round_trip <- ..\unified-fragmergent-memory-engine\tests\auto_registration\test_auto_registration.py PASSED [  8%]
tests/auto_registration/test_auto_registration.py::test_auto_registration_idempotent_for_repeated_trace <- ..\unified-fragmergent-memory-engine\tests\auto_registration\test_auto_registration.py PASSED [  9%]
tests/auto_registration/test_auto_registration.py::test_v031_natural_branch_flip_still_passes_with_auto_reg_layer <- ..\unified-fragmergent-memory-engine\tests\auto_registration\test_auto_registration.py PASSED [  9%]
tests/auto_registration/test_auto_registration.py::test_bidirectional_round_trip_verified_in_demo <- ..\unified-fragmergent-memory-engine\tests\auto_registration\test_auto_registration.py PASSED [ 10%]
tests/auto_registration/test_auto_registration.py::test_registry_grows_only_through_auto_registration_in_demo <- ..\unified-fragmergent-memory-engine\tests\auto_registration\test_auto_registration.py PASSED [ 10%]
tests/bridges/test_convention_translators.py::test_canonicalize_aliases <- ..\unified-fragmergent-memory-engine\tests\bridges\test_convention_translators.py PASSED [ 10%]
tests/bridges/test_convention_translators.py::test_canonicalize_passthrough_unknown <- ..\unified-fragmergent-memory-engine\tests\bridges\test_convention_translators.py PASSED [ 11%]
tests/bridges/test_convention_translators.py::test_serialize_slot_key_format <- ..\unified-fragmergent-memory-engine\tests\bridges\test_convention_translators.py PASSED [ 11%]
tests/bridges/test_convention_translators.py::test_parse_slot_key_inverse <- ..\unified-fragmergent-memory-engine\tests\bridges\test_convention_translators.py PASSED [ 11%]
tests/bridges/test_convention_translators.py::test_parse_slot_key_rejects_missing_separator <- ..\unified-fragmergent-memory-engine\tests\bridges\test_convention_translators.py PASSED [ 12%]
tests/bridges/test_convention_translators.py::test_enum_value_to_string_str_enum <- ..\unified-fragmergent-memory-engine\tests\bridges\test_convention_translators.py PASSED [ 12%]
tests/bridges/test_convention_translators.py::test_enum_value_to_string_int_enum <- ..\unified-fragmergent-memory-engine\tests\bridges\test_convention_translators.py PASSED [ 13%]
tests/bridges/test_convention_translators.py::test_enum_value_to_string_passthrough_str <- ..\unified-fragmergent-memory-engine\tests\bridges\test_convention_translators.py PASSED [ 13%]
tests/bridges/test_convention_translators.py::test_enum_value_to_string_other <- ..\unified-fragmergent-memory-engine\tests\bridges\test_convention_translators.py PASSED [ 13%]
tests/bridges/test_shape_translators.py::test_is_symbolic_entry_positive <- ..\unified-fragmergent-memory-engine\tests\bridges\test_shape_translators.py PASSED [ 14%]
tests/bridges/test_shape_translators.py::test_is_symbolic_entry_negative <- ..\unified-fragmergent-memory-engine\tests\bridges\test_shape_translators.py PASSED [ 14%]
tests/bridges/test_shape_translators.py::test_is_numerical_entry_positive <- ..\unified-fragmergent-memory-engine\tests\bridges\test_shape_translators.py PASSED [ 14%]
tests/bridges/test_shape_translators.py::test_is_numerical_entry_negative <- ..\unified-fragmergent-memory-engine\tests\bridges\test_shape_translators.py PASSED [ 15%]
tests/bridges/test_shape_translators.py::test_husimi_vector_to_value_emb_dtype_and_shape <- ..\unified-fragmergent-memory-engine\tests\bridges\test_shape_translators.py PASSED [ 15%]
tests/bridges/test_shape_translators.py::test_husimi_vector_to_value_emb_rejects_wrong_dim <- ..\unified-fragmergent-memory-engine\tests\bridges\test_shape_translators.py PASSED [ 16%]
tests/bridges/test_shape_translators.py::test_symbolic_to_numerical_skeleton_zero_vector <- ..\unified-fragmergent-memory-engine\tests\bridges\test_shape_translators.py PASSED [ 16%]
tests/bridges/test_shape_translators.py::test_numerical_to_symbolic_skeleton_label_template <- ..\unified-fragmergent-memory-engine\tests\bridges\test_shape_translators.py PASSED [ 16%]
tests/bridges/test_shape_translators.py::test_round_trip_symbolic_to_numerical_to_symbolic <- ..\unified-fragmergent-memory-engine\tests\bridges\test_shape_translators.py PASSED [ 17%]
tests/cross_substrate/test_cross_substrate_pressure.py::test_consolidation_to_tf_perturbation_promote_amplifies <- ..\unified-fragmergent-memory-engine\tests\cross_substrate\test_cross_substrate_pressure.py PASSED [ 17%]
tests/cross_substrate/test_cross_substrate_pressure.py::test_consolidation_to_tf_perturbation_retrograde_attenuates <- ..\unified-fragmergent-memory-engine\tests\cross_substrate\test_cross_substrate_pressure.py PASSED [ 17%]
tests/cross_substrate/test_cross_substrate_pressure.py::test_consolidation_to_tf_perturbation_prune_zeroes <- ..\unified-fragmergent-memory-engine\tests\cross_substrate\test_cross_substrate_pressure.py PASSED [ 18%]
tests/cross_substrate/test_cross_substrate_pressure.py::test_consolidation_to_tf_perturbation_reconcile_is_noop <- ..\unified-fragmergent-memory-engine\tests\cross_substrate\test_cross_substrate_pressure.py PASSED [ 18%]
tests/cross_substrate/test_cross_substrate_pressure.py::test_consolidation_order_PRUNE_then_RETROGRADE_then_PROMOTE <- ..\unified-fragmergent-memory-engine\tests\cross_substrate\test_cross_substrate_pressure.py PASSED [ 19%]
tests/cross_substrate/test_cross_substrate_pressure.py::test_consolidation_filters_by_episode <- ..\unified-fragmergent-memory-engine\tests\cross_substrate\test_cross_substrate_pressure.py PASSED [ 19%]
tests/cross_substrate/test_cross_substrate_pressure.py::test_consolidation_skips_unregistered_slots <- ..\unified-fragmergent-memory-engine\tests\cross_substrate\test_cross_substrate_pressure.py PASSED [ 19%]
tests/cross_substrate/test_cross_substrate_pressure.py::test_apply_mi_perturbations_to_bank_does_not_mutate_original <- ..\unified-fragmergent-memory-engine\tests\cross_substrate\test_cross_substrate_pressure.py PASSED [ 20%]
tests/cross_substrate/test_cross_substrate_pressure.py::test_apply_mi_perturbations_empty_returns_same_bank <- ..\unified-fragmergent-memory-engine\tests\cross_substrate\test_cross_substrate_pressure.py PASSED [ 20%]
tests/cross_substrate/test_cross_substrate_pressure.py::test_tf_result_to_synthetic_signals_stable_predictions_promote <- ..\unified-fragmergent-memory-engine\tests\cross_substrate\test_cross_substrate_pressure.py PASSED [ 20%]
tests/cross_substrate/test_cross_substrate_pressure.py::test_tf_result_to_synthetic_signals_oscillating_signals_conflict <- ..\unified-fragmergent-memory-engine\tests\cross_substrate\test_cross_substrate_pressure.py PASSED [ 21%]
tests/cross_substrate/test_cross_substrate_pressure.py::test_tf_result_to_synthetic_signals_marks_idempotent <- ..\unified-fragmergent-memory-engine\tests\cross_substrate\test_cross_substrate_pressure.py PASSED [ 21%]
tests/cross_substrate/test_cross_substrate_pressure.py::test_pressure_to_query_seed_uses_label_centroid <- ..\unified-fragmergent-memory-engine\tests\cross_substrate\test_cross_substrate_pressure.py PASSED [ 22%]
tests/cross_substrate/test_cross_substrate_pressure.py::test_pressure_to_query_seed_with_active_pressure <- ..\unified-fragmergent-memory-engine\tests\cross_substrate\test_cross_substrate_pressure.py PASSED [ 22%]
tests/cross_substrate/test_cross_substrate_pressure.py::test_pressure_origin_weakref_tagging_and_lookup <- ..\unified-fragmergent-memory-engine\tests\cross_substrate\test_cross_substrate_pressure.py PASSED [ 22%]
tests/cross_substrate/test_cross_substrate_pressure.py::test_pressure_origin_returns_none_for_untagged <- ..\unified-fragmergent-memory-engine\tests\cross_substrate\test_cross_substrate_pressure.py PASSED [ 23%]
tests/cross_substrate/test_cross_substrate_pressure.py::test_pressure_origin_handles_none <- ..\unified-fragmergent-memory-engine\tests\cross_substrate\test_cross_substrate_pressure.py PASSED [ 23%]
tests/cross_substrate/test_cycle.py::test_register_label_slot_lazy_allocation <- ..\unified-fragmergent-memory-engine\tests\cross_substrate\test_cycle.py PASSED [ 23%]
tests/cross_substrate/test_cycle.py::test_register_label_slot_explicit_label <- ..\unified-fragmergent-memory-engine\tests\cross_substrate\test_cycle.py PASSED [ 24%]
tests/cross_substrate/test_cycle.py::test_label_slot_registry_persistence_round_trip <- ..\unified-fragmergent-memory-engine\tests\cross_substrate\test_cycle.py PASSED [ 24%]
tests/cross_substrate/test_cycle.py::test_cross_substrate_step_idempotent_when_consolidator_emits_no_ops <- ..\unified-fragmergent-memory-engine\tests\cross_substrate\test_cycle.py PASSED [ 25%]
tests/cross_substrate/test_cycle.py::test_cross_substrate_step_perturbs_after_symbolic_write <- ..\unified-fragmergent-memory-engine\tests\cross_substrate\test_cycle.py PASSED [ 25%]
tests/cross_substrate/test_cycle.py::test_cross_substrate_provenance_chain_complete <- ..\unified-fragmergent-memory-engine\tests\cross_substrate\test_cycle.py PASSED [ 25%]
tests/cross_substrate/test_cycle.py::test_cross_substrate_does_not_mutate_source_files <- ..\unified-fragmergent-memory-engine\tests\cross_substrate\test_cycle.py PASSED [ 26%]
tests/cross_substrate/test_cycle.py::test_run_with_cross_substrate_coupling_smoke <- ..\unified-fragmergent-memory-engine\tests\cross_substrate\test_cycle.py PASSED [ 26%]
tests/cross_substrate/test_cycle.py::test_run_cross_substrate_demo_default_runs <- ..\unified-fragmergent-memory-engine\tests\cross_substrate\test_cycle.py PASSED [ 26%]
tests/cross_substrate/test_cycle.py::test_perturbations_observable_via_recall_change <- ..\unified-fragmergent-memory-engine\tests\cross_substrate\test_cycle.py PASSED [ 27%]
tests/cross_substrate/test_cycle.py::test_no_promotion_to_authority_in_signals_origin <- ..\unified-fragmergent-memory-engine\tests\cross_substrate\test_cycle.py PASSED [ 27%]
tests/cross_substrate/test_cycle.py::test_metrics_snapshot_includes_cross_substrate_block <- ..\unified-fragmergent-memory-engine\tests\cross_substrate\test_cycle.py PASSED [ 27%]
tests/facade/test_orchestrator.py::test_orchestrator_run_completes <- ..\unified-fragmergent-memory-engine\tests\facade\test_orchestrator.py PASSED [ 28%]
tests/facade/test_orchestrator.py::test_run_end_to_end_demo_default <- ..\unified-fragmergent-memory-engine\tests\facade\test_orchestrator.py PASSED [ 28%]
tests/facade/test_unified_memory_store.py::test_construction_default_config <- ..\unified-fragmergent-memory-engine\tests\facade\test_unified_memory_store.py PASSED [ 29%]
tests/facade/test_unified_memory_store.py::test_routing_symbolic_to_runtime_default <- ..\unified-fragmergent-memory-engine\tests\facade\test_unified_memory_store.py PASSED [ 29%]
tests/facade/test_unified_memory_store.py::test_routing_numerical_to_tf_engine_default <- ..\unified-fragmergent-memory-engine\tests\facade\test_unified_memory_store.py PASSED [ 29%]
tests/facade/test_unified_memory_store.py::test_routing_explicit_overrides_shape <- ..\unified-fragmergent-memory-engine\tests\facade\test_unified_memory_store.py PASSED [ 30%]
tests/facade/test_unified_memory_store.py::test_routing_ambiguous_raises <- ..\unified-fragmergent-memory-engine\tests\facade\test_unified_memory_store.py PASSED [ 30%]
tests/facade/test_unified_memory_store.py::test_routing_explicit_mode_requires_source <- ..\unified-fragmergent-memory-engine\tests\facade\test_unified_memory_store.py PASSED [ 30%]
tests/facade/test_unified_memory_store.py::test_write_numerical_and_seal_bank <- ..\unified-fragmergent-memory-engine\tests\facade\test_unified_memory_store.py PASSED [ 31%]
tests/facade/test_unified_memory_store.py::test_write_symbolic_routes_to_runtime <- ..\unified-fragmergent-memory-engine\tests\facade\test_unified_memory_store.py PASSED [ 31%]
tests/facade/test_unified_memory_store.py::test_propagate_on_symbolic_raises_not_implemented <- ..\unified-fragmergent-memory-engine\tests\facade\test_unified_memory_store.py PASSED [ 32%]
tests/facade/test_unified_memory_store.py::test_consolidate_on_tf_engine_raises_not_implemented <- ..\unified-fragmergent-memory-engine\tests\facade\test_unified_memory_store.py PASSED [ 32%]
tests/facade/test_unified_memory_store.py::test_hybrid_on_symbolic_raises_not_implemented <- ..\unified-fragmergent-memory-engine\tests\facade\test_unified_memory_store.py PASSED [ 32%]
tests/facade/test_unified_memory_store.py::test_softmax_read_on_tf_engine <- ..\unified-fragmergent-memory-engine\tests\facade\test_unified_memory_store.py PASSED [ 33%]
tests/facade/test_unified_memory_store.py::test_audit_log_default_for_runtime <- ..\unified-fragmergent-memory-engine\tests\facade\test_unified_memory_store.py PASSED [ 33%]
tests/facade/test_unified_memory_store.py::test_metrics_snapshot_structure <- ..\unified-fragmergent-memory-engine\tests\facade\test_unified_memory_store.py PASSED [ 33%]
tests/facade/test_unified_memory_store.py::test_invalid_source_raises <- ..\unified-fragmergent-memory-engine\tests\facade\test_unified_memory_store.py PASSED [ 34%]
tests/fce_omega/test_non_regression.py::test_default_config_has_fce_omega_disabled <- unified-fragmergent-memory-engine\tests\fce_omega\test_non_regression.py PASSED [ 34%]
tests/fce_omega/test_non_regression.py::test_consolidate_works_with_fce_omega_disabled <- unified-fragmergent-memory-engine\tests\fce_omega\test_non_regression.py PASSED [ 35%]
tests/fce_omega/test_non_regression.py::test_observer_not_constructed_when_disabled <- unified-fragmergent-memory-engine\tests\fce_omega\test_non_regression.py PASSED [ 35%]
tests/fce_omega/test_non_regression.py::test_audit_log_unchanged_by_fce_omega <- unified-fragmergent-memory-engine\tests\fce_omega\test_non_regression.py PASSED [ 35%]
tests/fce_omega/test_not_truth.py::test_omega_does_not_change_runtime_zone_of_underlying_slot <- unified-fragmergent-memory-engine\tests\fce_omega\test_not_truth.py PASSED [ 36%]
tests/fce_omega/test_not_truth.py::test_registry_cannot_invent_records_via_expression_calls <- unified-fragmergent-memory-engine\tests\fce_omega\test_not_truth.py PASSED [ 36%]
tests/fce_omega/test_not_truth.py::test_registry_rejects_unknown_expression_state <- unified-fragmergent-memory-engine\tests\fce_omega\test_not_truth.py PASSED [ 36%]
tests/fce_omega/test_observer_invariance.py::test_consolidate_ops_identical_with_and_without_observer <- unified-fragmergent-memory-engine\tests\fce_omega\test_observer_invariance.py PASSED [ 37%]
tests/fce_omega/test_observer_invariance.py::test_runtime_metrics_unchanged_by_observer <- unified-fragmergent-memory-engine\tests\fce_omega\test_observer_invariance.py PASSED [ 37%]
tests/fce_omega/test_omega_irreversibility.py::test_omega_record_persists_after_expression_change <- unified-fragmergent-memory-engine\tests\fce_omega\test_omega_irreversibility.py PASSED [ 38%]
tests/fce_omega/test_omega_irreversibility.py::test_re_registering_same_center_is_idempotent <- unified-fragmergent-memory-engine\tests\fce_omega\test_omega_irreversibility.py PASSED [ 38%]
tests/fce_omega/test_omega_irreversibility.py::test_registry_persistence_roundtrip <- unified-fragmergent-memory-engine\tests\fce_omega\test_omega_irreversibility.py PASSED [ 38%]
tests/fce_omega/test_omega_irreversibility.py::test_observer_omega_irreversible_after_drop_in_S_t <- unified-fragmergent-memory-engine\tests\fce_omega\test_omega_irreversibility.py PASSED [ 39%]
tests/fce_omega/test_passthrough_fce_omega.py::test_fce_omega_symbols_reachable <- unified-fragmergent-memory-engine\tests\fce_omega\test_passthrough_fce_omega.py PASSED [ 39%]
tests/fce_omega/test_passthrough_fce_omega.py::test_fce_omega_constants_match_source <- unified-fragmergent-memory-engine\tests\fce_omega\test_passthrough_fce_omega.py PASSED [ 39%]
tests/fce_omega/test_passthrough_fce_omega.py::test_fce_omega_agent_construction_runs <- unified-fragmergent-memory-engine\tests\fce_omega\test_passthrough_fce_omega.py PASSED [ 40%]
tests/fce_omega/test_passthrough_fce_omega.py::test_fce_omega_self_index_signature <- unified-fragmergent-memory-engine\tests\fce_omega\test_passthrough_fce_omega.py PASSED [ 40%]
tests/fce_omega/test_residue_accumulation.py::test_disputed_writes_grow_residue_for_their_center <- unified-fragmergent-memory-engine\tests\fce_omega\test_residue_accumulation.py PASSED [ 41%]
tests/fce_omega/test_source_provenance.py::test_omega_record_carries_source_episodes_and_events <- unified-fragmergent-memory-engine\tests\fce_omega\test_source_provenance.py PASSED [ 41%]
tests/fce_omega/test_source_provenance.py::test_morphogenesis_log_links_to_omega_id_on_coagulation <- unified-fragmergent-memory-engine\tests\fce_omega\test_source_provenance.py PASSED [ 41%]
tests/fce_omega_functional/test_01_baseline_invariance.py::test_consolidate_signals_and_ops_identical PASSED [ 42%]
tests/fce_omega_functional/test_01_baseline_invariance.py::test_runtime_view_identical PASSED [ 42%]
tests/fce_omega_functional/test_01_baseline_invariance.py::test_tf_engine_read_results_identical PASSED [ 42%]
tests/fce_omega_functional/test_01_baseline_invariance.py::test_audit_log_unchanged_by_observer PASSED [ 43%]
tests/fce_omega_functional/test_02_event_translation.py::test_zone_field_weights_have_expected_ordering PASSED [ 43%]
tests/fce_omega_functional/test_02_event_translation.py::test_committed_observation_dominated_by_coherence PASSED [ 44%]
tests/fce_omega_functional/test_02_event_translation.py::test_disputed_observation_dominated_by_residue PASSED [ 44%]
tests/fce_omega_functional/test_02_event_translation.py::test_provisional_carries_tension PASSED [ 44%]
tests/fce_omega_functional/test_02_event_translation.py::test_same_slot_different_value_perturbs_same_center PASSED [ 45%]
tests/fce_omega_functional/test_02_event_translation.py::test_tension_event_is_residue_heavy PASSED [ 45%]
tests/fce_omega_functional/test_02_event_translation.py::test_consolidate_triggers_S_t_evaluation_per_touched_center PASSED [ 45%]
tests/fce_omega_functional/test_02_event_translation.py::test_propagate_does_not_produce_morphogenesis PASSED [ 46%]
tests/fce_omega_functional/test_03_residue_accumulation.py::test_residue_grows_with_disputed_writes PASSED [ 46%]
tests/fce_omega_functional/test_03_residue_accumulation.py::test_committed_writes_do_not_destroy_residue PASSED [ 47%]
tests/fce_omega_functional/test_04_assimilation_vs_residue.py::test_coherent_sequence_assimilates_better_than_conflicting PASSED [ 47%]
tests/fce_omega_functional/test_04_assimilation_vs_residue.py::test_coherent_sequence_has_finite_S_t_and_no_immediate_blowup PASSED [ 47%]
tests/fce_omega_functional/test_05_omega_irreversibility.py::test_omega_id_immutable_under_perturbation PASSED [ 48%]
tests/fce_omega_functional/test_05_omega_irreversibility.py::test_observer_agent_omega_flag_stays_at_1_after_S_t_drop PASSED [ 48%]
tests/fce_omega_functional/test_05_omega_irreversibility.py::test_expression_history_is_append_only PASSED [ 48%]
tests/fce_omega_functional/test_06_omega_not_truth.py::test_disputed_write_after_coagulation_lands_in_runtime_log PASSED [ 49%]
tests/fce_omega_functional/test_06_omega_not_truth.py::test_registry_refuses_to_invent_records_via_expression_calls PASSED [ 49%]
tests/fce_omega_functional/test_06_omega_not_truth.py::test_advisory_hint_explicitly_disclaims_truth_override PASSED [ 50%]
tests/fce_omega_functional/test_07_advisory_channel.py::test_advisory_hints_have_no_side_effects PASSED [ 50%]
tests/fce_omega_functional/test_07_advisory_channel.py::test_high_residue_hint_appears_after_repeated_dispute PASSED [ 50%]
tests/fce_omega_functional/test_07_advisory_channel.py::test_advisory_hints_empty_when_observer_off PASSED [ 51%]
tests/fce_omega_functional/test_07_advisory_channel.py::test_advisory_hint_schema_is_inspectable PASSED [ 51%]
tests/fce_omega_functional/test_08_multiperspectival_normalization.py::test_field_does_not_blow_up_with_N_centers PASSED [ 51%]
tests/fce_omega_functional/test_08_multiperspectival_normalization.py::test_max_Z_bounded_when_many_centers_active PASSED [ 52%]
tests/fce_omega_functional/test_08_multiperspectival_normalization.py::test_per_center_state_isolated_across_simultaneous_centers PASSED [ 52%]
tests/fce_omega_functional/test_09_directed_interaction.py::test_interference_operator_is_antisymmetric PASSED [ 52%]
tests/fce_omega_functional/test_09_directed_interaction.py::test_absorption_is_asymmetric_under_unequal_capacity PASSED [ 53%]
tests/fce_omega_functional/test_09_directed_interaction.py::test_repulsion_depends_on_misalignment_only PASSED [ 53%]
tests/fce_omega_functional/test_09_directed_interaction.py::test_observer_centers_are_isolated_in_v0_4_0 PASSED [ 54%]
tests/fce_omega_functional/test_10_coagulated_reference_field.py::test_coagulation_does_not_auto_coagulate_other_centers PASSED [ 54%]
tests/fce_omega_functional/test_10_coagulated_reference_field.py::test_anchor_grows_with_committed_count PASSED [ 54%]
tests/fce_omega_functional/test_10_coagulated_reference_field.py::test_anchor_isolated_to_own_center PASSED [ 55%]
tests/fce_omega_functional/test_10_coagulated_reference_field.py::test_coagulated_reference_emits_advisory_hint PASSED [ 55%]
tests/fce_omega_functional/test_11_provenance_chain.py::test_omega_record_traces_back_to_runtime_slot_events PASSED [ 55%]
tests/fce_omega_functional/test_11_provenance_chain.py::test_propagate_does_not_inject_phantom_provenance PASSED [ 56%]
tests/fce_omega_functional/test_11_provenance_chain.py::test_morphogenesis_rows_carry_episode_id_back_to_runtime PASSED [ 56%]
tests/fce_omega_functional/test_12_persistence_reload.py::test_observer_roundtrip PASSED [ 57%]
tests/fce_omega_functional/test_12_persistence_reload.py::test_omega_irreversibility_survives_reload PASSED [ 57%]
tests/fce_omega_functional/test_12_persistence_reload.py::test_persisted_payload_is_json_inspectable PASSED [ 57%]
tests/fce_omega_functional/test_13_vendor_integrity.py::test_vendor_source_resolved_via_relative_path PASSED [ 58%]
tests/fce_omega_functional/test_13_vendor_integrity.py::test_vendor_layout_has_expected_top_files PASSED [ 58%]
tests/fce_omega_functional/test_13_vendor_integrity.py::test_no_stale_egg_info_at_repo_root PASSED [ 58%]
tests/fce_omega_functional/test_13_vendor_integrity.py::test_no_legacy_top_level_project_folders PASSED [ 59%]
tests/fce_omega_functional/test_13_vendor_integrity.py::test_vendor_dir_only_contains_fce_omega_source PASSED [ 59%]
tests/fce_omega_functional/test_14_reproduce_script.py::test_reproduce_script_exists PASSED [ 60%]
tests/fce_omega_functional/test_14_reproduce_script.py::test_reproduce_script_is_valid_bash_when_bash_available PASSED [ 60%]
tests/fce_omega_functional/test_14_reproduce_script.py::test_reproduce_script_demo_entry_points_resolve PASSED [ 60%]
tests/fce_omega_functional/test_14_reproduce_script.py::test_reproduce_script_invokes_pytest_on_tests_dir PASSED [ 61%]
tests/fce_omega_functional/test_15_functional_report.py::test_report_script_runs_and_emits_files PASSED [ 61%]
tests/fce_omega_functional/test_15_functional_report.py::test_report_capability_flags_truthy_after_workload PASSED [ 61%]
tests/fce_omega_functional/test_16_center_isolated_anchor.py::test_anchor_from_center_counts_monotone PASSED [ 62%]
tests/fce_omega_functional/test_16_center_isolated_anchor.py::test_backward_compat_global_anchor_still_exists PASSED [ 62%]
tests/fce_omega_functional/test_16_center_isolated_anchor.py::test_disputed_on_B_does_not_touch_A_state PASSED [ 63%]
tests/fce_omega_functional/test_16_center_isolated_anchor.py::test_committed_on_A_raises_only_A_anchor PASSED [ 63%]
tests/fce_omega_functional/test_16_center_isolated_anchor.py::test_two_independent_centers_bitwise_isolated PASSED [ 63%]
tests/fce_omega_functional/test_16_center_isolated_anchor.py::test_omega_on_A_does_not_produce_anchor_mass_on_B PASSED [ 64%]
tests/fce_omega_functional/test_16_center_isolated_anchor.py::test_metrics_snapshot_exposes_per_center_anchor_and_counts PASSED [ 64%]
tests/fce_omega_functional/test_16_center_isolated_anchor.py::test_persist_load_roundtrips_zone_counts PASSED [ 64%]
tests/fce_omega_functional/test_17_r10b_integrated_reproduction.py::test_r10b_omega_emerges_from_rule_not_synthetic PASSED [ 65%]
tests/fce_omega_functional/test_17_r10b_integrated_reproduction.py::test_r10b_realistic_thresholds_not_permissive PASSED [ 65%]
tests/fce_omega_functional/test_17_r10b_integrated_reproduction.py::test_r10b_coagulation_metrics_are_meaningful PASSED [ 66%]
tests/fce_omega_functional/test_17_r10b_integrated_reproduction.py::test_r10b_omega_irreversible_after_disputed_perturbation PASSED [ 66%]
tests/fce_omega_functional/test_17_r10b_integrated_reproduction.py::test_r10b_disputed_zone_preserved_in_runtime_log PASSED [ 66%]
tests/fce_omega_functional/test_17_r10b_integrated_reproduction.py::test_r10b_provenance_complete PASSED [ 67%]
tests/fce_omega_functional/test_17_r10b_integrated_reproduction.py::test_r10b_persist_load_roundtrip_preserves_omega PASSED [ 67%]
tests/fce_omega_functional/test_17_r10b_integrated_reproduction.py::test_r10b_artifact_saved_to_disk PASSED [ 67%]
tests/fce_omega_functional/test_17_r10b_integrated_reproduction.py::test_r10b_no_other_centers_coagulated PASSED [ 68%]
tests/fce_omega_functional/test_18_multiperspectival_observer.py::test_multiperspectival_observer_detects_active_centers PASSED [ 68%]
tests/fce_omega_functional/test_18_multiperspectival_observer.py::test_directional_interaction_i_to_j_differs_from_j_to_i PASSED [ 69%]
tests/fce_omega_functional/test_18_multiperspectival_observer.py::test_interference_antisymmetry_wired_in_observer PASSED [ 69%]
tests/fce_omega_functional/test_18_multiperspectival_observer.py::test_absorption_repulsion_are_directional PASSED [ 69%]
tests/fce_omega_functional/test_18_multiperspectival_observer.py::test_multiperspectival_normalization_bounded_for_N_1_4_8_16 PASSED [ 70%]
tests/fce_omega_functional/test_18_multiperspectival_observer.py::test_no_auto_coagulation_from_reference_field PASSED [ 70%]
tests/fce_omega_functional/test_18_multiperspectival_observer.py::test_relation_candidate_does_not_override_individual_omega PASSED [ 70%]
tests/fce_omega_functional/test_18_multiperspectival_observer.py::test_center_isolation_preserved_without_explicit_interaction PASSED [ 71%]
tests/fce_omega_functional/test_18_multiperspectival_observer.py::test_passive_invariance_still_holds PASSED [ 71%]
tests/fce_omega_functional/test_18_multiperspectival_observer.py::test_persist_load_multiperspectival_traces PASSED [ 72%]
tests/fce_omega_functional/test_19_semi_active_advisory.py::test_default_mode_is_read_only PASSED [ 72%]
tests/fce_omega_functional/test_19_semi_active_advisory.py::test_read_only_mode_has_zero_side_effects PASSED [ 72%]
tests/fce_omega_functional/test_19_semi_active_advisory.py::test_priority_only_creates_feedback_metadata PASSED [ 73%]
tests/fce_omega_functional/test_19_semi_active_advisory.py::test_priority_only_does_not_change_epistemic_status PASSED [ 73%]
tests/fce_omega_functional/test_19_semi_active_advisory.py::test_near_coagulation_recommends_incubation_not_omega PASSED [ 73%]
tests/fce_omega_functional/test_19_semi_active_advisory.py::test_contested_omega_recommends_review_without_uncoagulating PASSED [ 74%]
tests/fce_omega_functional/test_19_semi_active_advisory.py::test_relation_candidate_recommends_relation_review_without_mutation PASSED [ 74%]
tests/fce_omega_functional/test_19_semi_active_advisory.py::test_priority_feedback_has_complete_provenance PASSED [ 75%]
tests/fce_omega_functional/test_19_semi_active_advisory.py::test_priority_feedback_persist_load_roundtrip PASSED [ 75%]
tests/fce_omega_functional/test_19_semi_active_advisory.py::test_priority_only_passive_outputs_unchanged_except_metadata PASSED [ 75%]
tests/fce_omega_functional/test_19_semi_active_advisory.py::test_no_hidden_writeback_to_runtime_sources PASSED [ 76%]
tests/fce_omega_functional/test_19_semi_active_advisory.py::test_priority_scores_are_bounded PASSED [ 76%]
tests/fce_omega_functional/test_19_semi_active_advisory.py::test_advisory_does_not_alter_omega_registry_versus_read_only PASSED [ 76%]
tests/fce_omega_functional/test_20_reference_field_native_memory.py::test_reference_field_not_created_without_omega PASSED [ 77%]
tests/fce_omega_functional/test_20_reference_field_native_memory.py::test_reference_field_created_from_omega_record PASSED [ 77%]
tests/fce_omega_functional/test_20_reference_field_native_memory.py::test_reference_field_does_not_modify_omega_record PASSED [ 77%]
tests/fce_omega_functional/test_20_reference_field_native_memory.py::test_committed_aligned_event_reinforces_expression PASSED [ 78%]
tests/fce_omega_functional/test_20_reference_field_native_memory.py::test_disputed_event_contests_expression_not_truth PASSED [ 78%]
tests/fce_omega_functional/test_20_reference_field_native_memory.py::test_reference_field_persist_load_roundtrip PASSED [ 79%]
tests/fce_omega_functional/test_20_reference_field_native_memory.py::test_reference_field_default_off_preserves_v0_5_1_behavior PASSED [ 79%]
tests/fce_omega_functional/test_20_reference_field_native_memory.py::test_center_without_omega_cannot_enter_omega_field PASSED [ 79%]
tests/fce_omega_functional/test_20_reference_field_native_memory.py::test_two_omega_reference_fields_can_interact PASSED [ 80%]
tests/fce_omega_functional/test_20_reference_field_native_memory.py::test_omega_field_interaction_does_not_create_individual_omega PASSED [ 80%]
tests/fce_omega_functional/test_20_reference_field_native_memory.py::test_priority_only_uses_reference_field_for_feedback_without_writeback PASSED [ 80%]
tests/fce_omega_functional/test_20_reference_field_native_memory.py::test_no_epistemic_override_from_reference_field PASSED [ 81%]
tests/fce_omega_functional/test_20_reference_field_native_memory.py::test_reference_field_provenance_complete PASSED [ 81%]
tests/fce_omega_functional/test_20_reference_field_native_memory.py::test_reference_field_expression_state_can_fluctuate PASSED [ 82%]
tests/natural_branch_flip/test_branch_flip.py::test_natural_pressure_flips_arbiter_decision_branch <- ..\unified-fragmergent-memory-engine\tests\natural_branch_flip\test_branch_flip.py PASSED [ 82%]
tests/natural_branch_flip/test_branch_flip.py::test_natural_branch_flip_zone_status_align_with_decision <- ..\unified-fragmergent-memory-engine\tests\natural_branch_flip\test_branch_flip.py PASSED [ 82%]
tests/natural_branch_flip/test_branch_flip.py::test_natural_branch_flip_emits_latent_retrograde_influence_effect <- ..\unified-fragmergent-memory-engine\tests\natural_branch_flip\test_branch_flip.py PASSED [ 83%]
tests/natural_branch_flip/test_branch_flip.py::test_natural_branch_flip_demo_does_not_use_synthetic_helper <- ..\unified-fragmergent-memory-engine\tests\natural_branch_flip\test_branch_flip.py PASSED [ 83%]
tests/natural_branch_flip/test_branch_flip.py::test_branch_flip_provenance_chain_complete <- ..\unified-fragmergent-memory-engine\tests\natural_branch_flip\test_branch_flip.py PASSED [ 83%]
tests/natural_branch_flip/test_branch_flip.py::test_branch_flip_consolidation_record_contains_retrograde <- ..\unified-fragmergent-memory-engine\tests\natural_branch_flip\test_branch_flip.py PASSED [ 84%]
tests/natural_branch_flip/test_branch_flip.py::test_safety_metrics_zero_under_natural_branch_flip <- ..\unified-fragmergent-memory-engine\tests\natural_branch_flip\test_branch_flip.py PASSED [ 84%]
tests/natural_branch_flip/test_branch_flip.py::test_marker_only_diff_does_not_satisfy_v031 <- ..\unified-fragmergent-memory-engine\tests\natural_branch_flip\test_branch_flip.py PASSED [ 85%]
tests/natural_branch_flip/test_branch_flip.py::test_natural_branch_flip_does_not_mutate_source_files <- ..\unified-fragmergent-memory-engine\tests\natural_branch_flip\test_branch_flip.py PASSED [ 85%]
tests/natural_branch_flip/test_branch_flip.py::test_factor_calibration_default_factors_produce_branch_flip <- ..\unified-fragmergent-memory-engine\tests\natural_branch_flip\test_branch_flip.py PASSED [ 85%]
tests/natural_coupling/test_natural_pressure.py::test_slot_pressure_vector_round_trip_serialization <- ..\unified-fragmergent-memory-engine\tests\natural_coupling\test_natural_pressure.py PASSED [ 86%]
tests/natural_coupling/test_natural_pressure.py::test_consolidation_to_pressure_vectors_emits_with_provenance <- ..\unified-fragmergent-memory-engine\tests\natural_coupling\test_natural_pressure.py PASSED [ 86%]
tests/natural_coupling/test_natural_pressure.py::test_pressure_vectors_to_perturbation_dict_compose_multiplicatively <- ..\unified-fragmergent-memory-engine\tests\natural_coupling\test_natural_pressure.py PASSED [ 86%]
tests/natural_coupling/test_natural_pressure.py::test_apply_pressure_vectors_to_bank_does_not_mutate_original <- ..\unified-fragmergent-memory-engine\tests\natural_coupling\test_natural_pressure.py PASSED [ 87%]
tests/natural_coupling/test_natural_pressure.py::test_audit_and_tf_to_signals_uses_audit_value_idx <- ..\unified-fragmergent-memory-engine\tests\natural_coupling\test_natural_pressure.py PASSED [ 87%]
tests/natural_coupling/test_natural_pressure.py::test_audit_and_tf_to_signals_preserves_v_idx_zero <- ..\unified-fragmergent-memory-engine\tests\natural_coupling\test_natural_pressure.py PASSED [ 88%]
tests/natural_coupling/test_natural_pressure.py::test_natural_pressure_changes_decision_field_no_synthetic <- ..\unified-fragmergent-memory-engine\tests\natural_coupling\test_natural_pressure.py PASSED [ 88%]
tests/natural_coupling/test_natural_pressure.py::test_natural_demo_does_not_use_synthetic_helper <- ..\unified-fragmergent-memory-engine\tests\natural_coupling\test_natural_pressure.py PASSED [ 88%]
tests/natural_coupling/test_natural_pressure.py::test_safety_metrics_all_zero_under_natural_coupling <- ..\unified-fragmergent-memory-engine\tests\natural_coupling\test_natural_pressure.py PASSED [ 89%]
tests/natural_coupling/test_natural_pressure.py::test_provenance_chain_complete_under_natural_coupling <- ..\unified-fragmergent-memory-engine\tests\natural_coupling\test_natural_pressure.py PASSED [ 89%]
tests/natural_coupling/test_natural_pressure.py::test_consolidation_record_ids_in_chain_match_audit_log <- ..\unified-fragmergent-memory-engine\tests\natural_coupling\test_natural_pressure.py PASSED [ 89%]
tests/natural_coupling/test_natural_pressure.py::test_natural_coupling_does_not_mutate_source_files <- ..\unified-fragmergent-memory-engine\tests\natural_coupling\test_natural_pressure.py PASSED [ 90%]
tests/natural_coupling/test_natural_pressure.py::test_v021_synthetic_demo_still_works <- ..\unified-fragmergent-memory-engine\tests\natural_coupling\test_natural_pressure.py PASSED [ 90%]
tests/natural_coupling/test_natural_pressure.py::test_cross_substrate_step_emits_pressure_vectors_with_provenance <- ..\unified-fragmergent-memory-engine\tests\natural_coupling\test_natural_pressure.py PASSED [ 91%]
tests/organism_driven/test_cognitive_coupling.py::test_pressure_changes_subsequent_commit_decision <- ..\unified-fragmergent-memory-engine\tests\organism_driven\test_cognitive_coupling.py PASSED [ 91%]
tests/organism_driven/test_cognitive_coupling.py::test_no_symbolic_safety_regression_with_coupling <- ..\unified-fragmergent-memory-engine\tests\organism_driven\test_cognitive_coupling.py PASSED [ 91%]
tests/organism_driven/test_cognitive_coupling.py::test_core_v15_7a_still_sealed <- ..\unified-fragmergent-memory-engine\tests\organism_driven\test_cognitive_coupling.py PASSED [ 92%]
tests/organism_driven/test_cognitive_coupling.py::test_organism_coupling_does_not_mutate_source_files <- ..\unified-fragmergent-memory-engine\tests\organism_driven\test_cognitive_coupling.py PASSED [ 92%]
tests/organism_driven/test_cognitive_coupling.py::test_cross_substrate_provenance_chain_decision_level <- ..\unified-fragmergent-memory-engine\tests\organism_driven\test_cognitive_coupling.py PASSED [ 92%]
tests/organism_driven/test_cognitive_coupling.py::test_baseline_off_produces_noop_on_idempotent_reaffirmation <- ..\unified-fragmergent-memory-engine\tests\organism_driven\test_cognitive_coupling.py PASSED [ 93%]
tests/organism_driven/test_cognitive_coupling.py::test_synthetic_retrograde_pressure_construction_shape <- ..\unified-fragmergent-memory-engine\tests\organism_driven\test_cognitive_coupling.py PASSED [ 93%]
tests/organism_driven/test_cognitive_coupling.py::test_diff_reports_handles_identical_runs <- ..\unified-fragmergent-memory-engine\tests\organism_driven\test_cognitive_coupling.py PASSED [ 94%]
tests/passthrough/test_d_cortex_passthrough.py::test_d_cortex_source_root_exists <- ..\unified-fragmergent-memory-engine\tests\passthrough\test_d_cortex_passthrough.py PASSED [ 94%]
tests/passthrough/test_d_cortex_passthrough.py::test_d_cortex_step_13_seal_byte_identical <- ..\unified-fragmergent-memory-engine\tests\passthrough\test_d_cortex_passthrough.py PASSED [ 94%]
tests/passthrough/test_d_cortex_passthrough.py::test_d_cortex_step_13_alias_to_runtime_O11 <- ..\unified-fragmergent-memory-engine\tests\passthrough\test_d_cortex_passthrough.py PASSED [ 95%]
tests/passthrough/test_d_cortex_passthrough.py::test_d_cortex_other_step_files_exist <- ..\unified-fragmergent-memory-engine\tests\passthrough\test_d_cortex_passthrough.py PASSED [ 95%]
tests/passthrough/test_memory_engine_runtime_passthrough.py::test_runtime_v15_7a_core_symbols_reachable <- ..\unified-fragmergent-memory-engine\tests\passthrough\test_memory_engine_runtime_passthrough.py PASSED [ 95%]
tests/passthrough/test_memory_engine_runtime_passthrough.py::test_runtime_constants_match_sealed_v15_7a_values <- ..\unified-fragmergent-memory-engine\tests\passthrough\test_memory_engine_runtime_passthrough.py PASSED [ 96%]
tests/passthrough/test_memory_engine_runtime_passthrough.py::test_runtime_minibank_construction_and_basic_ops <- ..\unified-fragmergent-memory-engine\tests\passthrough\test_memory_engine_runtime_passthrough.py PASSED [ 96%]
tests/passthrough/test_memory_engine_runtime_passthrough.py::test_runtime_provisional_memory_basic_ops <- ..\unified-fragmergent-memory-engine\tests\passthrough\test_memory_engine_runtime_passthrough.py PASSED [ 97%]
tests/passthrough/test_memory_engine_runtime_passthrough.py::test_runtime_consolidator_pipeline_callable_signature <- ..\unified-fragmergent-memory-engine\tests\passthrough\test_memory_engine_runtime_passthrough.py PASSED [ 97%]
tests/passthrough/test_memory_engine_runtime_passthrough.py::test_runtime_dcortex_adapter_construction <- ..\unified-fragmergent-memory-engine\tests\passthrough\test_memory_engine_runtime_passthrough.py PASSED [ 97%]
tests/passthrough/test_tf_engine_passthrough.py::test_tf_engine_top_level_symbols_reachable <- ..\unified-fragmergent-memory-engine\tests\passthrough\test_tf_engine_passthrough.py PASSED [ 98%]
tests/passthrough/test_tf_engine_passthrough.py::test_chirped_gaussian_normalisation_through_facade <- ..\unified-fragmergent-memory-engine\tests\passthrough\test_tf_engine_passthrough.py PASSED [ 98%]
tests/passthrough/test_tf_engine_passthrough.py::test_mi_analytical_corrected_formula_through_facade <- ..\unified-fragmergent-memory-engine\tests\passthrough\test_tf_engine_passthrough.py PASSED [ 98%]
tests/passthrough/test_tf_engine_passthrough.py::test_qfi_closed_form_through_facade <- ..\unified-fragmergent-memory-engine\tests\passthrough\test_tf_engine_passthrough.py PASSED [ 99%]
tests/passthrough/test_tf_engine_passthrough.py::test_memory_bank_shape_through_facade <- ..\unified-fragmergent-memory-engine\tests\passthrough\test_tf_engine_passthrough.py PASSED [ 99%]
tests/passthrough/test_tf_engine_passthrough.py::test_softmax_attention_normalisation_through_facade <- ..\unified-fragmergent-memory-engine\tests\passthrough\test_tf_engine_passthrough.py PASSED [100%]

============================ 268 passed in 15.00s =============================
