============================= test session starts =============================
platform win32 -- Python 3.13.13, pytest-9.0.3, pluggy-1.6.0 -- C:\Users\Lucian\AppData\Local\Microsoft\WindowsApps\PythonSoftwareFoundation.Python.3.13_qbz5n2kfra8p0\python.exe
cachedir: .pytest_cache
rootdir: C:\Users\Lucian\Desktop\fragmergent-causal-exponentiation memory
configfile: pyproject.toml
plugins: cov-7.1.0
collecting ... collected 53 items

tests/fce_omega_functional/test_01_baseline_invariance.py::test_consolidate_signals_and_ops_identical PASSED [  1%]
tests/fce_omega_functional/test_01_baseline_invariance.py::test_runtime_view_identical PASSED [  3%]
tests/fce_omega_functional/test_01_baseline_invariance.py::test_tf_engine_read_results_identical PASSED [  5%]
tests/fce_omega_functional/test_01_baseline_invariance.py::test_audit_log_unchanged_by_observer PASSED [  7%]
tests/fce_omega_functional/test_02_event_translation.py::test_zone_field_weights_have_expected_ordering PASSED [  9%]
tests/fce_omega_functional/test_02_event_translation.py::test_committed_observation_dominated_by_coherence PASSED [ 11%]
tests/fce_omega_functional/test_02_event_translation.py::test_disputed_observation_dominated_by_residue PASSED [ 13%]
tests/fce_omega_functional/test_02_event_translation.py::test_provisional_carries_tension PASSED [ 15%]
tests/fce_omega_functional/test_02_event_translation.py::test_same_slot_different_value_perturbs_same_center PASSED [ 16%]
tests/fce_omega_functional/test_02_event_translation.py::test_tension_event_is_residue_heavy PASSED [ 18%]
tests/fce_omega_functional/test_02_event_translation.py::test_consolidate_triggers_S_t_evaluation_per_touched_center PASSED [ 20%]
tests/fce_omega_functional/test_02_event_translation.py::test_propagate_does_not_produce_morphogenesis PASSED [ 22%]
tests/fce_omega_functional/test_03_residue_accumulation.py::test_residue_grows_with_disputed_writes PASSED [ 24%]
tests/fce_omega_functional/test_03_residue_accumulation.py::test_committed_writes_do_not_destroy_residue PASSED [ 26%]
tests/fce_omega_functional/test_04_assimilation_vs_residue.py::test_coherent_sequence_assimilates_better_than_conflicting PASSED [ 28%]
tests/fce_omega_functional/test_04_assimilation_vs_residue.py::test_coherent_sequence_has_finite_S_t_and_no_immediate_blowup PASSED [ 30%]
tests/fce_omega_functional/test_05_omega_irreversibility.py::test_omega_id_immutable_under_perturbation PASSED [ 32%]
tests/fce_omega_functional/test_05_omega_irreversibility.py::test_observer_agent_omega_flag_stays_at_1_after_S_t_drop PASSED [ 33%]
tests/fce_omega_functional/test_05_omega_irreversibility.py::test_expression_history_is_append_only PASSED [ 35%]
tests/fce_omega_functional/test_06_omega_not_truth.py::test_disputed_write_after_coagulation_lands_in_runtime_log PASSED [ 37%]
tests/fce_omega_functional/test_06_omega_not_truth.py::test_registry_refuses_to_invent_records_via_expression_calls PASSED [ 39%]
tests/fce_omega_functional/test_06_omega_not_truth.py::test_advisory_hint_explicitly_disclaims_truth_override PASSED [ 41%]
tests/fce_omega_functional/test_07_advisory_channel.py::test_advisory_hints_have_no_side_effects PASSED [ 43%]
tests/fce_omega_functional/test_07_advisory_channel.py::test_high_residue_hint_appears_after_repeated_dispute PASSED [ 45%]
tests/fce_omega_functional/test_07_advisory_channel.py::test_advisory_hints_empty_when_observer_off PASSED [ 47%]
tests/fce_omega_functional/test_07_advisory_channel.py::test_advisory_hint_schema_is_inspectable PASSED [ 49%]
tests/fce_omega_functional/test_08_multiperspectival_normalization.py::test_field_does_not_blow_up_with_N_centers PASSED [ 50%]
tests/fce_omega_functional/test_08_multiperspectival_normalization.py::test_max_Z_bounded_when_many_centers_active PASSED [ 52%]
tests/fce_omega_functional/test_08_multiperspectival_normalization.py::test_per_center_state_isolated_across_simultaneous_centers PASSED [ 54%]
tests/fce_omega_functional/test_09_directed_interaction.py::test_interference_operator_is_antisymmetric PASSED [ 56%]
tests/fce_omega_functional/test_09_directed_interaction.py::test_absorption_is_asymmetric_under_unequal_capacity PASSED [ 58%]
tests/fce_omega_functional/test_09_directed_interaction.py::test_repulsion_depends_on_misalignment_only PASSED [ 60%]
tests/fce_omega_functional/test_09_directed_interaction.py::test_observer_centers_are_isolated_in_v0_4_0 PASSED [ 62%]
tests/fce_omega_functional/test_10_coagulated_reference_field.py::test_coagulation_does_not_auto_coagulate_other_centers PASSED [ 64%]
tests/fce_omega_functional/test_10_coagulated_reference_field.py::test_anchor_grows_with_committed_count PASSED [ 66%]
tests/fce_omega_functional/test_10_coagulated_reference_field.py::test_coagulated_reference_emits_advisory_hint PASSED [ 67%]
tests/fce_omega_functional/test_11_provenance_chain.py::test_omega_record_traces_back_to_runtime_slot_events PASSED [ 69%]
tests/fce_omega_functional/test_11_provenance_chain.py::test_propagate_does_not_inject_phantom_provenance PASSED [ 71%]
tests/fce_omega_functional/test_11_provenance_chain.py::test_morphogenesis_rows_carry_episode_id_back_to_runtime PASSED [ 73%]
tests/fce_omega_functional/test_12_persistence_reload.py::test_observer_roundtrip PASSED [ 75%]
tests/fce_omega_functional/test_12_persistence_reload.py::test_omega_irreversibility_survives_reload PASSED [ 77%]
tests/fce_omega_functional/test_12_persistence_reload.py::test_persisted_payload_is_json_inspectable PASSED [ 79%]
tests/fce_omega_functional/test_13_vendor_integrity.py::test_vendor_source_resolved_via_relative_path PASSED [ 81%]
tests/fce_omega_functional/test_13_vendor_integrity.py::test_vendor_layout_has_expected_top_files PASSED [ 83%]
tests/fce_omega_functional/test_13_vendor_integrity.py::test_no_stale_egg_info_at_repo_root PASSED [ 84%]
tests/fce_omega_functional/test_13_vendor_integrity.py::test_no_legacy_top_level_project_folders PASSED [ 86%]
tests/fce_omega_functional/test_13_vendor_integrity.py::test_vendor_dir_only_contains_fce_omega_source PASSED [ 88%]
tests/fce_omega_functional/test_14_reproduce_script.py::test_reproduce_script_exists PASSED [ 90%]
tests/fce_omega_functional/test_14_reproduce_script.py::test_reproduce_script_is_valid_bash_when_bash_available PASSED [ 92%]
tests/fce_omega_functional/test_14_reproduce_script.py::test_reproduce_script_demo_entry_points_resolve PASSED [ 94%]
tests/fce_omega_functional/test_14_reproduce_script.py::test_reproduce_script_invokes_pytest_on_tests_dir PASSED [ 96%]
tests/fce_omega_functional/test_15_functional_report.py::test_report_script_runs_and_emits_files PASSED [ 98%]
tests/fce_omega_functional/test_15_functional_report.py::test_report_capability_flags_truthy_after_workload PASSED [100%]

============================= 53 passed in 1.45s ==============================
